PRT1
49
136
4 0 4 (1792 1024 1792 ) (1024 1024 1792 ) (1024 1024 -1792 ) (1792 1024 -1792 ) 
4 0 1 (1024 1024 -1792 ) (1024 1024 1792 ) (1024 1792 1792 ) (1024 1792 -1792 ) 
4 1 15 (256 1024 -240 ) (0 1024 -240 ) (0 1024 -1792 ) (256 1024 -1792 ) 
4 1 14 (1024 1024 -1792 ) (1024 1024 -240 ) (256 1024 -240 ) (256 1024 -1792 ) 
4 1 12 (240 1024 240 ) (0 1024 240 ) (0 1024 -240 ) (240 1024 -240 ) 
4 1 11 (256 1024 240 ) (240 1024 240 ) (240 1024 -240 ) (256 1024 -240 ) 
4 1 10 (1024 1024 -240 ) (1024 1024 240 ) (256 1024 240 ) (256 1024 -240 ) 
4 1 9 (256 1024 256 ) (0 1024 256 ) (0 1024 240 ) (256 1024 240 ) 
4 1 8 (1024 1024 240 ) (1024 1024 256 ) (256 1024 256 ) (256 1024 240 ) 
4 1 7 (1024 1024 256 ) (1024 1024 1792 ) (0 1024 1792 ) (0 1024 256 ) 
4 1 2 (0 1024 -1792 ) (0 1024 1792 ) (0 1792 1792 ) (0 1792 -1792 ) 
4 2 23 (0 1024 -1792 ) (0 1024 -240 ) (-256 1024 -240 ) (-256 1024 -1792 ) 
4 2 25 (-256 1024 -240 ) (-1024 1024 -240 ) (-1024 1024 -1792 ) (-256 1024 -1792 ) 
4 2 21 (-240 1024 240 ) (-256 1024 240 ) (-256 1024 -240 ) (-240 1024 -240 ) 
4 2 22 (-256 1024 240 ) (-1024 1024 240 ) (-1024 1024 -240 ) (-256 1024 -240 ) 
4 2 20 (0 1024 -240 ) (0 1024 240 ) (-240 1024 240 ) (-240 1024 -240 ) 
4 2 18 (0 1024 240 ) (0 1024 256 ) (-256 1024 256 ) (-256 1024 240 ) 
4 2 19 (-256 1024 256 ) (-1024 1024 256 ) (-1024 1024 240 ) (-256 1024 240 ) 
4 2 17 (0 1024 256 ) (0 1024 1792 ) (-1024 1024 1792 ) (-1024 1024 256 ) 
4 2 3 (-1024 1024 -1792 ) (-1024 1024 1792 ) (-1024 1792 1792 ) (-1024 1792 -1792 ) 
4 3 44 (-1024 1024 -1792 ) (-1024 1024 1792 ) (-1792 1024 1792 ) (-1792 1024 -1792 ) 
4 4 14 (1024 1024 -240 ) (1024 1024 -1792 ) (1024 0 -1792 ) (1024 0 -240 ) 
4 4 10 (1024 1024 240 ) (1024 1024 -240 ) (1024 0 -240 ) (1024 0 240 ) 
4 4 8 (1024 1024 256 ) (1024 1024 240 ) (1024 0 240 ) (1024 0 256 ) 
4 4 7 (1024 1024 1792 ) (1024 1024 256 ) (1024 0 256 ) (1024 0 1792 ) 
4 4 5 (1792 0 1792 ) (1024 0 1792 ) (1024 0 -1792 ) (1792 0 -1792 ) 
4 5 32 (1024 -1024 -1792 ) (1024 -1024 -240 ) (1024 0 -240 ) (1024 0 -1792 ) 
4 5 29 (1024 -1024 -240 ) (1024 -1024 240 ) (1024 0 240 ) (1024 0 -240 ) 
4 5 27 (1024 -1024 240 ) (1024 -1024 256 ) (1024 0 256 ) (1024 0 240 ) 
4 5 26 (1024 -1024 256 ) (1024 -1024 1792 ) (1024 0 1792 ) (1024 0 256 ) 
4 5 6 (1792 -1024 1792 ) (1024 -1024 1792 ) (1024 -1024 -1792 ) (1792 -1024 -1792 ) 
4 6 46 (1024 -1792 1792 ) (1024 -1024 1792 ) (1024 -1024 -1792 ) (1024 -1792 -1792 ) 
4 7 26 (1024 0 256 ) (1024 0 1792 ) (0 0 1792 ) (0 0 256 ) 
4 7 17 (0 1024 1792 ) (0 1024 256 ) (0 0 256 ) (0 0 1792 ) 
4 7 9 (0 256 256 ) (0 1024 256 ) (256 1024 256 ) (256 256 256 ) 
4 7 8 (256 1024 256 ) (1024 1024 256 ) (1024 0 256 ) (256 0 256 ) 
4 8 27 (1024 0 240 ) (1024 0 256 ) (256 0 256 ) (256 0 240 ) 
4 8 10 (1024 0 240 ) (256 0 240 ) (256 1024 240 ) (1024 1024 240 ) 
4 8 9 (256 1024 240 ) (256 256 240 ) (256 256 256 ) (256 1024 256 ) 
4 9 18 (0 1024 256 ) (0 1024 240 ) (0 256 240 ) (0 256 256 ) 
4 9 12 (0 256 240 ) (0 1024 240 ) (240 1024 240 ) (240 256 240 ) 
4 9 11 (240 1024 240 ) (256 1024 240 ) (256 256 240 ) (240 256 240 ) 
4 10 29 (1024 0 -240 ) (1024 0 240 ) (256 0 240 ) (256 0 -240 ) 
4 10 14 (256 1024 -240 ) (1024 1024 -240 ) (1024 0 -240 ) (256 0 -240 ) 
4 10 11 (256 1024 -240 ) (256 256 -240 ) (256 256 240 ) (256 1024 240 ) 
4 11 15 (240 1024 -240 ) (256 1024 -240 ) (256 256 -240 ) (240 256 -240 ) 
4 11 12 (240 1024 -240 ) (240 256 -240 ) (240 256 240 ) (240 1024 240 ) 
4 12 20 (0 1024 240 ) (0 1024 -240 ) (0 256 -240 ) (0 256 240 ) 
4 12 15 (0 256 -240 ) (0 1024 -240 ) (240 1024 -240 ) (240 256 -240 ) 
4 14 32 (1024 0 -1792 ) (1024 0 -240 ) (256 0 -240 ) (256 0 -1792 ) 
4 14 16 (256 256 -1792 ) (256 0 -1792 ) (256 0 -256 ) (256 256 -256 ) 
4 14 15 (256 1024 -1792 ) (256 256 -1792 ) (256 256 -240 ) (256 1024 -240 ) 
4 15 23 (0 1024 -240 ) (0 1024 -1792 ) (0 256 -1792 ) (0 256 -240 ) 
4 15 16 (0 256 -1792 ) (256 256 -1792 ) (256 256 -256 ) (0 256 -256 ) 
4 16 33 (0 0 -256 ) (0 0 -1792 ) (256 0 -1792 ) (256 0 -256 ) 
4 16 24 (0 256 -1792 ) (0 0 -1792 ) (0 0 -256 ) (0 256 -256 ) 
4 17 44 (-1024 1024 1792 ) (-1024 1024 256 ) (-1024 0 256 ) (-1024 0 1792 ) 
4 17 35 (0 0 256 ) (0 0 1792 ) (-1024 0 1792 ) (-1024 0 256 ) 
4 17 18 (-256 256 256 ) (-256 1024 256 ) (0 1024 256 ) (0 256 256 ) 
4 17 19 (-256 0 256 ) (-1024 0 256 ) (-1024 1024 256 ) (-256 1024 256 ) 
4 18 21 (-256 1024 240 ) (-240 1024 240 ) (-240 256 240 ) (-256 256 240 ) 
4 18 20 (-240 1024 240 ) (0 1024 240 ) (0 256 240 ) (-240 256 240 ) 
4 18 19 (-256 1024 240 ) (-256 256 240 ) (-256 256 256 ) (-256 1024 256 ) 
4 19 44 (-1024 1024 256 ) (-1024 1024 240 ) (-1024 0 240 ) (-1024 0 256 ) 
4 19 37 (-256 0 256 ) (-1024 0 256 ) (-1024 0 240 ) (-256 0 240 ) 
4 19 22 (-1024 1024 240 ) (-256 1024 240 ) (-256 0 240 ) (-1024 0 240 ) 
4 20 23 (-240 256 -240 ) (-240 1024 -240 ) (0 1024 -240 ) (0 256 -240 ) 
4 20 21 (-240 1024 -240 ) (-240 256 -240 ) (-240 256 240 ) (-240 1024 240 ) 
4 21 23 (-256 256 -240 ) (-256 1024 -240 ) (-240 1024 -240 ) (-240 256 -240 ) 
4 21 22 (-256 1024 -240 ) (-256 256 -240 ) (-256 256 240 ) (-256 1024 240 ) 
4 22 44 (-1024 1024 240 ) (-1024 1024 -240 ) (-1024 0 -240 ) (-1024 0 240 ) 
4 22 40 (-256 0 240 ) (-1024 0 240 ) (-1024 0 -240 ) (-256 0 -240 ) 
4 22 25 (-256 0 -240 ) (-1024 0 -240 ) (-1024 1024 -240 ) (-256 1024 -240 ) 
4 23 24 (-256 256 -256 ) (-256 256 -1792 ) (0 256 -1792 ) (0 256 -256 ) 
4 23 25 (-256 1024 -1792 ) (-256 256 -1792 ) (-256 256 -240 ) (-256 1024 -240 ) 
4 24 41 (0 0 -1792 ) (0 0 -256 ) (-256 0 -256 ) (-256 0 -1792 ) 
4 24 25 (-256 256 -1792 ) (-256 0 -1792 ) (-256 0 -256 ) (-256 256 -256 ) 
4 25 44 (-1024 1024 -240 ) (-1024 1024 -1792 ) (-1024 0 -1792 ) (-1024 0 -240 ) 
4 25 43 (-256 0 -240 ) (-1024 0 -240 ) (-1024 0 -1792 ) (-256 0 -1792 ) 
4 26 46 (1024 -1024 256 ) (1024 -1024 1792 ) (0 -1024 1792 ) (0 -1024 256 ) 
4 26 35 (0 0 1792 ) (0 0 256 ) (0 -1024 256 ) (0 -1024 1792 ) 
4 26 28 (0 -1024 256 ) (0 -256 256 ) (256 -256 256 ) (256 -1024 256 ) 
4 26 27 (256 0 256 ) (1024 0 256 ) (1024 -1024 256 ) (256 -1024 256 ) 
4 27 46 (1024 -1024 240 ) (1024 -1024 256 ) (256 -1024 256 ) (256 -1024 240 ) 
4 27 29 (1024 -1024 240 ) (256 -1024 240 ) (256 0 240 ) (1024 0 240 ) 
4 27 28 (256 -256 240 ) (256 -1024 240 ) (256 -1024 256 ) (256 -256 256 ) 
4 28 46 (256 -1024 256 ) (0 -1024 256 ) (0 -1024 240 ) (256 -1024 240 ) 
4 28 36 (0 -256 240 ) (0 -1024 240 ) (0 -1024 256 ) (0 -256 256 ) 
4 28 31 (240 -1024 240 ) (0 -1024 240 ) (0 -256 240 ) (240 -256 240 ) 
4 28 30 (256 -1024 240 ) (240 -1024 240 ) (240 -256 240 ) (256 -256 240 ) 
4 29 46 (1024 -1024 -240 ) (1024 -1024 240 ) (256 -1024 240 ) (256 -1024 -240 ) 
4 29 32 (256 0 -240 ) (1024 0 -240 ) (1024 -1024 -240 ) (256 -1024 -240 ) 
4 29 30 (256 -256 -240 ) (256 -1024 -240 ) (256 -1024 240 ) (256 -256 240 ) 
4 30 46 (256 -1024 240 ) (240 -1024 240 ) (240 -1024 -240 ) (256 -1024 -240 ) 
4 30 34 (256 -256 -240 ) (256 -1024 -240 ) (240 -1024 -240 ) (240 -256 -240 ) 
4 30 31 (240 -256 -240 ) (240 -1024 -240 ) (240 -1024 240 ) (240 -256 240 ) 
4 31 46 (240 -1024 240 ) (0 -1024 240 ) (0 -1024 -240 ) (240 -1024 -240 ) 
4 31 38 (0 -256 -240 ) (0 -1024 -240 ) (0 -1024 240 ) (0 -256 240 ) 
4 31 34 (0 -1024 -240 ) (0 -256 -240 ) (240 -256 -240 ) (240 -1024 -240 ) 
4 32 46 (1024 -1024 -1792 ) (1024 -1024 -240 ) (256 -1024 -240 ) (256 -1024 -1792 ) 
4 32 33 (256 0 -1792 ) (256 -256 -1792 ) (256 -256 -256 ) (256 0 -256 ) 
4 32 34 (256 -256 -1792 ) (256 -1024 -1792 ) (256 -1024 -240 ) (256 -256 -240 ) 
4 33 41 (0 0 -256 ) (0 0 -1792 ) (0 -256 -1792 ) (0 -256 -256 ) 
4 33 34 (0 -256 -1792 ) (256 -256 -1792 ) (256 -256 -256 ) (0 -256 -256 ) 
4 34 46 (256 -1024 -240 ) (0 -1024 -240 ) (0 -1024 -1792 ) (256 -1024 -1792 ) 
4 34 42 (0 -256 -1792 ) (0 -1024 -1792 ) (0 -1024 -240 ) (0 -256 -240 ) 
4 35 47 (0 -1024 256 ) (0 -1024 1792 ) (-1024 -1024 1792 ) (-1024 -1024 256 ) 
4 35 45 (-1024 -1024 256 ) (-1024 -1024 1792 ) (-1024 0 1792 ) (-1024 0 256 ) 
4 35 36 (0 -1024 256 ) (-256 -1024 256 ) (-256 -256 256 ) (0 -256 256 ) 
4 35 37 (-256 -1024 256 ) (-1024 -1024 256 ) (-1024 0 256 ) (-256 0 256 ) 
4 36 47 (0 -1024 240 ) (0 -1024 256 ) (-256 -1024 256 ) (-256 -1024 240 ) 
4 36 39 (-240 -1024 240 ) (-256 -1024 240 ) (-256 -256 240 ) (-240 -256 240 ) 
4 36 38 (0 -256 240 ) (0 -1024 240 ) (-240 -1024 240 ) (-240 -256 240 ) 
4 36 37 (-256 -256 240 ) (-256 -1024 240 ) (-256 -1024 256 ) (-256 -256 256 ) 
4 37 47 (-256 -1024 256 ) (-1024 -1024 256 ) (-1024 -1024 240 ) (-256 -1024 240 ) 
4 37 45 (-1024 -1024 240 ) (-1024 -1024 256 ) (-1024 0 256 ) (-1024 0 240 ) 
4 37 40 (-256 -1024 240 ) (-1024 -1024 240 ) (-1024 0 240 ) (-256 0 240 ) 
4 38 47 (0 -1024 -240 ) (0 -1024 240 ) (-240 -1024 240 ) (-240 -1024 -240 ) 
4 38 42 (0 -1024 -240 ) (-240 -1024 -240 ) (-240 -256 -240 ) (0 -256 -240 ) 
4 38 39 (-240 -256 -240 ) (-240 -1024 -240 ) (-240 -1024 240 ) (-240 -256 240 ) 
4 39 47 (-240 -1024 240 ) (-256 -1024 240 ) (-256 -1024 -240 ) (-240 -1024 -240 ) 
4 39 42 (-240 -1024 -240 ) (-256 -1024 -240 ) (-256 -256 -240 ) (-240 -256 -240 ) 
4 39 40 (-256 -256 -240 ) (-256 -1024 -240 ) (-256 -1024 240 ) (-256 -256 240 ) 
4 40 47 (-256 -1024 240 ) (-1024 -1024 240 ) (-1024 -1024 -240 ) (-256 -1024 -240 ) 
4 40 45 (-1024 -1024 -240 ) (-1024 -1024 240 ) (-1024 0 240 ) (-1024 0 -240 ) 
4 40 43 (-256 -1024 -240 ) (-1024 -1024 -240 ) (-1024 0 -240 ) (-256 0 -240 ) 
4 41 42 (-256 -256 -256 ) (-256 -256 -1792 ) (0 -256 -1792 ) (0 -256 -256 ) 
4 41 43 (-256 0 -1792 ) (-256 -256 -1792 ) (-256 -256 -256 ) (-256 0 -256 ) 
4 42 47 (0 -1024 -1792 ) (0 -1024 -240 ) (-256 -1024 -240 ) (-256 -1024 -1792 ) 
4 42 43 (-256 -256 -1792 ) (-256 -1024 -1792 ) (-256 -1024 -240 ) (-256 -256 -240 ) 
4 43 47 (-256 -1024 -240 ) (-1024 -1024 -240 ) (-1024 -1024 -1792 ) (-256 -1024 -1792 ) 
4 43 45 (-1024 -1024 -1792 ) (-1024 -1024 -240 ) (-1024 0 -240 ) (-1024 0 -1792 ) 
4 44 45 (-1024 0 -1792 ) (-1024 0 1792 ) (-1792 0 1792 ) (-1792 0 -1792 ) 
4 45 48 (-1024 -1024 -1792 ) (-1024 -1024 1792 ) (-1792 -1024 1792 ) (-1792 -1024 -1792 ) 
4 46 47 (0 -1024 1792 ) (0 -1024 -1792 ) (0 -1792 -1792 ) (0 -1792 1792 ) 
4 47 48 (-1024 -1024 1792 ) (-1024 -1024 -1792 ) (-1024 -1792 -1792 ) (-1024 -1792 1792 ) 
