PRT1
56
166
4 0 4 (1792 1024 1792 ) (1024 1024 1792 ) (1024 1024 -1792 ) (1792 1024 -1792 ) 
4 0 1 (1024 1024 -1792 ) (1024 1024 1792 ) (1024 1792 1792 ) (1024 1792 -1792 ) 
4 1 17 (1024 1024 -1792 ) (1024 1024 -1024 ) (0 1024 -1024 ) (0 1024 -1792 ) 
4 1 15 (32 1024 -32 ) (0 1024 -32 ) (0 1024 -1024 ) (32 1024 -1024 ) 
4 1 14 (1024 1024 -1024 ) (1024 1024 -32 ) (32 1024 -32 ) (32 1024 -1024 ) 
4 1 12 (992 1024 32 ) (32 1024 32 ) (32 1024 -32 ) (992 1024 -32 ) 
4 1 11 (1024 1024 -32 ) (1024 1024 32 ) (992 1024 32 ) (992 1024 -32 ) 
4 1 8 (32 1024 1792 ) (0 1024 1792 ) (0 1024 32 ) (32 1024 32 ) 
4 1 7 (1024 1024 32 ) (1024 1024 1792 ) (32 1024 1792 ) (32 1024 32 ) 
4 1 2 (0 1024 -1792 ) (0 1024 1792 ) (0 1792 1792 ) (0 1792 -1792 ) 
4 2 28 (0 1024 -1792 ) (0 1024 -1024 ) (-1024 1024 -1024 ) (-1024 1024 -1792 ) 
4 2 25 (0 1024 -1024 ) (0 1024 -32 ) (-32 1024 -32 ) (-32 1024 -1024 ) 
4 2 27 (-32 1024 -32 ) (-1024 1024 -32 ) (-1024 1024 -1024 ) (-32 1024 -1024 ) 
4 2 24 (-992 1024 32 ) (-1024 1024 32 ) (-1024 1024 -32 ) (-992 1024 -32 ) 
4 2 23 (-32 1024 32 ) (-992 1024 32 ) (-992 1024 -32 ) (-32 1024 -32 ) 
4 2 18 (0 1024 32 ) (0 1024 1792 ) (-32 1024 1792 ) (-32 1024 32 ) 
4 2 21 (-32 1024 1792 ) (-1024 1024 1792 ) (-1024 1024 32 ) (-32 1024 32 ) 
4 2 3 (-1024 1024 -1792 ) (-1024 1024 1792 ) (-1024 1792 1792 ) (-1024 1792 -1792 ) 
4 3 51 (-1024 1024 -1792 ) (-1024 1024 1792 ) (-1792 1024 1792 ) (-1792 1024 -1792 ) 
4 4 17 (1024 1024 -1024 ) (1024 1024 -1792 ) (1024 0 -1792 ) (1024 0 -1024 ) 
4 4 14 (1024 1024 -32 ) (1024 1024 -1024 ) (1024 0 -1024 ) (1024 0 -32 ) 
4 4 11 (1024 1024 32 ) (1024 1024 -32 ) (1024 32 -32 ) (1024 32 32 ) 
4 4 7 (1024 1024 1792 ) (1024 1024 32 ) (1024 0 32 ) (1024 0 1792 ) 
4 4 5 (1792 0 1792 ) (1024 0 1792 ) (1024 0 -1792 ) (1792 0 -1792 ) 
4 5 39 (1024 -1024 -1792 ) (1024 -1024 -1024 ) (1024 0 -1024 ) (1024 0 -1792 ) 
4 5 36 (1024 -1024 -1024 ) (1024 -1024 -32 ) (1024 0 -32 ) (1024 0 -1024 ) 
4 5 33 (1024 -1024 -32 ) (1024 -1024 32 ) (1024 -32 32 ) (1024 -32 -32 ) 
4 5 29 (1024 -1024 32 ) (1024 -1024 1792 ) (1024 0 1792 ) (1024 0 32 ) 
4 5 6 (1792 -1024 1792 ) (1024 -1024 1792 ) (1024 -1024 -1792 ) (1792 -1024 -1792 ) 
4 6 53 (1024 -1792 1792 ) (1024 -1024 1792 ) (1024 -1024 -1792 ) (1024 -1792 -1792 ) 
4 7 29 (1024 0 32 ) (1024 0 1792 ) (32 0 1792 ) (32 0 32 ) 
4 7 12 (32 1024 32 ) (992 1024 32 ) (992 0 32 ) (32 0 32 ) 
4 7 11 (992 1024 32 ) (1024 1024 32 ) (1024 32 32 ) (992 32 32 ) 
4 7 9 (32 0 1024 ) (32 0 1792 ) (32 32 1792 ) (32 32 1024 ) 
4 7 10 (32 32 32 ) (32 0 32 ) (32 0 992 ) (32 32 992 ) 
4 7 8 (32 1024 32 ) (32 32 32 ) (32 32 1792 ) (32 1024 1792 ) 
4 8 18 (0 1024 1792 ) (0 1024 32 ) (0 32 32 ) (0 32 1792 ) 
4 8 13 (0 32 32 ) (0 992 32 ) (32 992 32 ) (32 32 32 ) 
4 8 9 (32 32 1024 ) (32 32 1792 ) (0 32 1792 ) (0 32 1024 ) 
4 8 10 (0 32 32 ) (32 32 32 ) (32 32 992 ) (0 32 992 ) 
4 9 30 (32 0 1792 ) (0 0 1792 ) (0 0 1024 ) (32 0 1024 ) 
4 9 19 (0 0 1024 ) (0 0 1792 ) (0 32 1792 ) (0 32 1024 ) 
4 10 31 (0 0 992 ) (0 0 32 ) (32 0 32 ) (32 0 992 ) 
4 10 20 (0 32 32 ) (0 0 32 ) (0 0 992 ) (0 32 992 ) 
4 10 13 (0 0 32 ) (0 32 32 ) (32 32 32 ) (32 0 32 ) 
4 11 14 (992 32 -32 ) (992 1024 -32 ) (1024 1024 -32 ) (1024 32 -32 ) 
4 11 12 (992 1024 -32 ) (992 32 -32 ) (992 32 32 ) (992 1024 32 ) 
4 12 34 (992 0 32 ) (32 0 32 ) (32 0 -32 ) (992 0 -32 ) 
4 12 14 (992 0 -32 ) (32 0 -32 ) (32 1024 -32 ) (992 1024 -32 ) 
4 12 13 (32 992 -32 ) (32 0 -32 ) (32 0 32 ) (32 992 32 ) 
4 13 35 (32 0 32 ) (0 0 32 ) (0 0 -32 ) (32 0 -32 ) 
4 13 22 (0 992 -32 ) (0 0 -32 ) (0 0 32 ) (0 992 32 ) 
4 13 16 (32 0 -32 ) (0 0 -32 ) (0 32 -32 ) (32 32 -32 ) 
4 13 15 (0 32 -32 ) (0 992 -32 ) (32 992 -32 ) (32 32 -32 ) 
4 14 36 (1024 0 -1024 ) (1024 0 -32 ) (32 0 -32 ) (32 0 -1024 ) 
4 14 17 (32 1024 -1024 ) (1024 1024 -1024 ) (1024 0 -1024 ) (32 0 -1024 ) 
4 14 16 (32 0 -992 ) (32 0 -32 ) (32 32 -32 ) (32 32 -992 ) 
4 14 15 (32 1024 -1024 ) (32 32 -1024 ) (32 32 -32 ) (32 1024 -32 ) 
4 15 25 (0 1024 -32 ) (0 1024 -1024 ) (0 32 -1024 ) (0 32 -32 ) 
4 15 17 (0 32 -1024 ) (0 1024 -1024 ) (32 1024 -1024 ) (32 32 -1024 ) 
4 15 16 (32 32 -992 ) (32 32 -32 ) (0 32 -32 ) (0 32 -992 ) 
4 16 37 (32 0 -32 ) (0 0 -32 ) (0 0 -992 ) (32 0 -992 ) 
4 16 26 (0 0 -992 ) (0 0 -32 ) (0 32 -32 ) (0 32 -992 ) 
4 17 39 (1024 0 -1792 ) (1024 0 -1024 ) (0 0 -1024 ) (0 0 -1792 ) 
4 17 28 (0 1024 -1024 ) (0 1024 -1792 ) (0 0 -1792 ) (0 0 -1024 ) 
4 18 22 (-32 32 32 ) (-32 992 32 ) (0 992 32 ) (0 32 32 ) 
4 18 19 (-32 32 1792 ) (-32 32 1024 ) (0 32 1024 ) (0 32 1792 ) 
4 18 20 (-32 32 992 ) (-32 32 32 ) (0 32 32 ) (0 32 992 ) 
4 18 21 (-32 1024 32 ) (-32 32 32 ) (-32 32 1792 ) (-32 1024 1792 ) 
4 19 40 (0 0 1024 ) (0 0 1792 ) (-32 0 1792 ) (-32 0 1024 ) 
4 19 21 (-32 0 1024 ) (-32 0 1792 ) (-32 32 1792 ) (-32 32 1024 ) 
4 20 41 (0 0 32 ) (0 0 992 ) (-32 0 992 ) (-32 0 32 ) 
4 20 22 (0 0 32 ) (-32 0 32 ) (-32 32 32 ) (0 32 32 ) 
4 20 21 (-32 32 32 ) (-32 0 32 ) (-32 0 992 ) (-32 32 992 ) 
4 21 51 (-1024 1024 1792 ) (-1024 1024 32 ) (-1024 0 32 ) (-1024 0 1792 ) 
4 21 43 (-32 0 1792 ) (-1024 0 1792 ) (-1024 0 32 ) (-32 0 32 ) 
4 21 24 (-1024 32 32 ) (-1024 1024 32 ) (-992 1024 32 ) (-992 32 32 ) 
4 21 23 (-32 0 32 ) (-992 0 32 ) (-992 1024 32 ) (-32 1024 32 ) 
4 22 44 (0 0 -32 ) (0 0 32 ) (-32 0 32 ) (-32 0 -32 ) 
4 22 26 (0 32 -32 ) (0 0 -32 ) (-32 0 -32 ) (-32 32 -32 ) 
4 22 25 (0 992 -32 ) (0 32 -32 ) (-32 32 -32 ) (-32 992 -32 ) 
4 22 23 (-32 992 -32 ) (-32 0 -32 ) (-32 0 32 ) (-32 992 32 ) 
4 23 45 (-32 0 32 ) (-992 0 32 ) (-992 0 -32 ) (-32 0 -32 ) 
4 23 27 (-992 1024 -32 ) (-32 1024 -32 ) (-32 0 -32 ) (-992 0 -32 ) 
4 23 24 (-992 1024 -32 ) (-992 32 -32 ) (-992 32 32 ) (-992 1024 32 ) 
4 24 51 (-1024 1024 32 ) (-1024 1024 -32 ) (-1024 32 -32 ) (-1024 32 32 ) 
4 24 27 (-1024 1024 -32 ) (-992 1024 -32 ) (-992 32 -32 ) (-1024 32 -32 ) 
4 25 28 (-32 32 -1024 ) (-32 1024 -1024 ) (0 1024 -1024 ) (0 32 -1024 ) 
4 25 26 (-32 32 -32 ) (-32 32 -992 ) (0 32 -992 ) (0 32 -32 ) 
4 25 27 (-32 1024 -1024 ) (-32 32 -1024 ) (-32 32 -32 ) (-32 1024 -32 ) 
4 26 47 (0 0 -992 ) (0 0 -32 ) (-32 0 -32 ) (-32 0 -992 ) 
4 26 27 (-32 0 -992 ) (-32 0 -32 ) (-32 32 -32 ) (-32 32 -992 ) 
4 27 51 (-1024 1024 -32 ) (-1024 1024 -1024 ) (-1024 0 -1024 ) (-1024 0 -32 ) 
4 27 49 (-32 0 -32 ) (-1024 0 -32 ) (-1024 0 -1024 ) (-32 0 -1024 ) 
4 27 28 (-32 0 -1024 ) (-1024 0 -1024 ) (-1024 1024 -1024 ) (-32 1024 -1024 ) 
4 28 51 (-1024 1024 -1024 ) (-1024 1024 -1792 ) (-1024 0 -1792 ) (-1024 0 -1024 ) 
4 28 50 (0 0 -1792 ) (0 0 -1024 ) (-1024 0 -1024 ) (-1024 0 -1792 ) 
4 29 53 (1024 -1024 32 ) (1024 -1024 1792 ) (32 -1024 1792 ) (32 -1024 32 ) 
4 29 34 (32 0 32 ) (992 0 32 ) (992 -1024 32 ) (32 -1024 32 ) 
4 29 33 (1024 -32 32 ) (1024 -1024 32 ) (992 -1024 32 ) (992 -32 32 ) 
4 29 30 (32 -32 1024 ) (32 -32 1792 ) (32 0 1792 ) (32 0 1024 ) 
4 29 31 (32 0 32 ) (32 -32 32 ) (32 -32 992 ) (32 0 992 ) 
4 29 32 (32 -32 32 ) (32 -1024 32 ) (32 -1024 1792 ) (32 -32 1792 ) 
4 30 40 (0 0 1792 ) (0 0 1024 ) (0 -32 1024 ) (0 -32 1792 ) 
4 30 32 (32 -32 1024 ) (32 -32 1792 ) (0 -32 1792 ) (0 -32 1024 ) 
4 31 41 (0 0 992 ) (0 0 32 ) (0 -32 32 ) (0 -32 992 ) 
4 31 35 (0 -32 32 ) (0 0 32 ) (32 0 32 ) (32 -32 32 ) 
4 31 32 (0 -32 32 ) (32 -32 32 ) (32 -32 992 ) (0 -32 992 ) 
4 32 53 (32 -1024 1792 ) (0 -1024 1792 ) (0 -1024 32 ) (32 -1024 32 ) 
4 32 42 (0 -32 32 ) (0 -1024 32 ) (0 -1024 1792 ) (0 -32 1792 ) 
4 32 35 (0 -992 32 ) (0 -32 32 ) (32 -32 32 ) (32 -992 32 ) 
4 33 53 (1024 -1024 -32 ) (1024 -1024 32 ) (992 -1024 32 ) (992 -1024 -32 ) 
4 33 36 (1024 -1024 -32 ) (992 -1024 -32 ) (992 -32 -32 ) (1024 -32 -32 ) 
4 33 34 (992 -32 -32 ) (992 -1024 -32 ) (992 -1024 32 ) (992 -32 32 ) 
4 34 53 (992 -1024 32 ) (32 -1024 32 ) (32 -1024 -32 ) (992 -1024 -32 ) 
4 34 36 (992 -1024 -32 ) (32 -1024 -32 ) (32 0 -32 ) (992 0 -32 ) 
4 34 35 (32 0 -32 ) (32 -992 -32 ) (32 -992 32 ) (32 0 32 ) 
4 35 44 (0 0 32 ) (0 0 -32 ) (0 -992 -32 ) (0 -992 32 ) 
4 35 37 (0 -32 -32 ) (0 0 -32 ) (32 0 -32 ) (32 -32 -32 ) 
4 35 38 (0 -992 -32 ) (0 -32 -32 ) (32 -32 -32 ) (32 -992 -32 ) 
4 36 53 (1024 -1024 -1024 ) (1024 -1024 -32 ) (32 -1024 -32 ) (32 -1024 -1024 ) 
4 36 39 (32 0 -1024 ) (1024 0 -1024 ) (1024 -1024 -1024 ) (32 -1024 -1024 ) 
4 36 37 (32 -32 -992 ) (32 -32 -32 ) (32 0 -32 ) (32 0 -992 ) 
4 36 38 (32 -32 -1024 ) (32 -1024 -1024 ) (32 -1024 -32 ) (32 -32 -32 ) 
4 37 47 (0 0 -32 ) (0 0 -992 ) (0 -32 -992 ) (0 -32 -32 ) 
4 37 38 (32 -32 -992 ) (32 -32 -32 ) (0 -32 -32 ) (0 -32 -992 ) 
4 38 53 (32 -1024 -32 ) (0 -1024 -32 ) (0 -1024 -1024 ) (32 -1024 -1024 ) 
4 38 48 (0 -32 -1024 ) (0 -1024 -1024 ) (0 -1024 -32 ) (0 -32 -32 ) 
4 38 39 (0 -1024 -1024 ) (0 -32 -1024 ) (32 -32 -1024 ) (32 -1024 -1024 ) 
4 39 53 (1024 -1024 -1792 ) (1024 -1024 -1024 ) (0 -1024 -1024 ) (0 -1024 -1792 ) 
4 39 50 (0 0 -1024 ) (0 0 -1792 ) (0 -1024 -1792 ) (0 -1024 -1024 ) 
4 40 43 (-32 -32 1024 ) (-32 -32 1792 ) (-32 0 1792 ) (-32 0 1024 ) 
4 40 42 (-32 -32 1792 ) (-32 -32 1024 ) (0 -32 1024 ) (0 -32 1792 ) 
4 41 44 (-32 -32 32 ) (-32 0 32 ) (0 0 32 ) (0 -32 32 ) 
4 41 42 (-32 -32 992 ) (-32 -32 32 ) (0 -32 32 ) (0 -32 992 ) 
4 41 43 (-32 0 32 ) (-32 -32 32 ) (-32 -32 992 ) (-32 0 992 ) 
4 42 54 (0 -1024 32 ) (0 -1024 1792 ) (-32 -1024 1792 ) (-32 -1024 32 ) 
4 42 44 (-32 -992 32 ) (-32 -32 32 ) (0 -32 32 ) (0 -992 32 ) 
4 42 43 (-32 -32 32 ) (-32 -1024 32 ) (-32 -1024 1792 ) (-32 -32 1792 ) 
4 43 54 (-32 -1024 1792 ) (-1024 -1024 1792 ) (-1024 -1024 32 ) (-32 -1024 32 ) 
4 43 52 (-1024 -1024 32 ) (-1024 -1024 1792 ) (-1024 0 1792 ) (-1024 0 32 ) 
4 43 46 (-992 -1024 32 ) (-1024 -1024 32 ) (-1024 -32 32 ) (-992 -32 32 ) 
4 43 45 (-32 -1024 32 ) (-992 -1024 32 ) (-992 0 32 ) (-32 0 32 ) 
4 44 47 (0 0 -32 ) (0 -32 -32 ) (-32 -32 -32 ) (-32 0 -32 ) 
4 44 48 (0 -32 -32 ) (0 -992 -32 ) (-32 -992 -32 ) (-32 -32 -32 ) 
4 44 45 (-32 0 -32 ) (-32 -992 -32 ) (-32 -992 32 ) (-32 0 32 ) 
4 45 54 (-32 -1024 32 ) (-992 -1024 32 ) (-992 -1024 -32 ) (-32 -1024 -32 ) 
4 45 49 (-32 -1024 -32 ) (-992 -1024 -32 ) (-992 0 -32 ) (-32 0 -32 ) 
4 45 46 (-992 -32 -32 ) (-992 -1024 -32 ) (-992 -1024 32 ) (-992 -32 32 ) 
4 46 54 (-992 -1024 32 ) (-1024 -1024 32 ) (-1024 -1024 -32 ) (-992 -1024 -32 ) 
4 46 52 (-1024 -1024 -32 ) (-1024 -1024 32 ) (-1024 -32 32 ) (-1024 -32 -32 ) 
4 46 49 (-992 -1024 -32 ) (-1024 -1024 -32 ) (-1024 -32 -32 ) (-992 -32 -32 ) 
4 47 48 (-32 -32 -32 ) (-32 -32 -992 ) (0 -32 -992 ) (0 -32 -32 ) 
4 47 49 (-32 -32 -992 ) (-32 -32 -32 ) (-32 0 -32 ) (-32 0 -992 ) 
4 48 54 (0 -1024 -1024 ) (0 -1024 -32 ) (-32 -1024 -32 ) (-32 -1024 -1024 ) 
4 48 50 (0 -1024 -1024 ) (-32 -1024 -1024 ) (-32 -32 -1024 ) (0 -32 -1024 ) 
4 48 49 (-32 -32 -1024 ) (-32 -1024 -1024 ) (-32 -1024 -32 ) (-32 -32 -32 ) 
4 49 54 (-32 -1024 -32 ) (-1024 -1024 -32 ) (-1024 -1024 -1024 ) (-32 -1024 -1024 ) 
4 49 52 (-1024 -1024 -1024 ) (-1024 -1024 -32 ) (-1024 0 -32 ) (-1024 0 -1024 ) 
4 49 50 (-32 -1024 -1024 ) (-1024 -1024 -1024 ) (-1024 0 -1024 ) (-32 0 -1024 ) 
4 50 54 (0 -1024 -1792 ) (0 -1024 -1024 ) (-1024 -1024 -1024 ) (-1024 -1024 -1792 ) 
4 50 52 (-1024 -1024 -1792 ) (-1024 -1024 -1024 ) (-1024 0 -1024 ) (-1024 0 -1792 ) 
4 51 52 (-1024 0 -1792 ) (-1024 0 1792 ) (-1792 0 1792 ) (-1792 0 -1792 ) 
4 52 55 (-1024 -1024 -1792 ) (-1024 -1024 1792 ) (-1792 -1024 1792 ) (-1792 -1024 -1792 ) 
4 53 54 (0 -1024 1792 ) (0 -1024 -1792 ) (0 -1792 -1792 ) (0 -1792 1792 ) 
4 54 55 (-1024 -1024 1792 ) (-1024 -1024 -1792 ) (-1024 -1792 -1792 ) (-1024 -1792 1792 ) 
