


materialPath: D:\SteamLibrary\steamapps\common\GarrysMod\garrysmod\materials
Loading d:\steamlibrary\steamapps\common\garrysmod\garrysmod\addons\6dofmaps\maps\space.vmf
fixing up env_cubemap materials on brush sides...
0...1...2...3...4...5...6...7...8...9...100...1...2...3...4...5...6...7...8...9...10Processing areas...done (0)
Building Faces...done (0)
Chop Details...done (0)
Find Visible Detail Sides...done (0)
Merging details...done (0)
FixTjuncs...
PruneNodes...
WriteBSP...
done (0)
writing d:\steamlibrary\steamapps\common\garrysmod\garrysmod\addons\6dofmaps\maps\space.prt...
Building visibility clusters...
done (0)
material "skybox/sky_skylab_01rt" not found.
Can't load skybox file skybox/sky_skylab_01 to build the default cubemap!
Can't load skybox file skybox/sky_skylab_01 to build the default cubemap!
Finding displacement neighbors...
Finding lightmap sample positions...
Displacement Alpha : 0...1...2...3...4...5...6...7...8...9...10
Building Physics collision data...
done (0) (13684 bytes)
Placing detail props : 0...1...2...3...4...5...6...7...8...9...10
Compacting texture/material tables...
Reduced 6 texinfos to 4
Reduced 2 texdatas to 2 (43 bytes to 43)
Writing d:\steamlibrary\steamapps\common\garrysmod\garrysmod\addons\6dofmaps\maps\space.bsp
0 seconds elapsed



32 threads
reading d:\steamlibrary\steamapps\common\garrysmod\garrysmod\addons\6dofmaps\maps\space.bsp
reading d:\steamlibrary\steamapps\common\garrysmod\garrysmod\addons\6dofmaps\maps\space.prt
  16 portalclusters
  24 numportals
0...1...2...3...4...5...6...7...8...9...100...1...2...3...4...5...6...7...8...9...10Optimized: 0 visible clusters (0.00%)
Total clusters visible: 256
Average clusters visible: 16
Building PAS...
Average clusters audible: 16
visdatasize:196  compressed from 256
writing d:\steamlibrary\steamapps\common\garrysmod\garrysmod\addons\6dofmaps\maps\space.bsp
0 seconds elapsed



[Reading texlights from 'lights.rad']
[45 texlights parsed from 'lights.rad']

Loading d:\steamlibrary\steamapps\common\garrysmod\garrysmod\addons\6dofmaps\maps\space.bsp
PREP OK
202 faces
622957 square feet [89705808.00 square inches]
0 Displacements
0 Square Feet [0.00 Square Inches]
202 patches before subdivision
11620 patches after subdivision
0 direct lights
0...1...2...3...4...5...6...7...8...9...100...1...2...3...4...5...6...7...8...9...10transfers 2363, max 54
transfer lists:   0.0 megs
0...1...2...3...4...5...6...7...8...9...10	Bounce #1 added RGB(0, 0, 0)
Build Patch/Sample Hash Table(s).....Done<0.0015 sec>
0...1...2...3...4...5...6...7...8...9...10FinalLightFace Done
0 of 0 (0% of) surface lights went in leaf ambient cubes.
0...1...2...3...4...5...6...7...8...9...10Writing leaf ambient...done
Ready to Finish

Object names       Objects/Maxobjs  Memory / Maxmem  Fullness 
------------       ---------------  ---------------  -------- 
models                   1/4096           48/196608   ( 0.0%) 
brushes                  7/16384          84/196608   ( 0.0%) 
brushsides             276/163840       2208/1310720  ( 0.2%) 
planes                 520/65536       10400/1310720  ( 0.8%) 
vertexes               355/65536        4260/786432   ( 0.5%) 
nodes                   83/65536        2656/2097152  ( 0.1%) 
texinfos                 4/16384         288/1179648  ( 0.0%) 
texdata                  2/8192           64/262144   ( 0.0%) 
dispinfos                0/0               0/0        ( 0.0%) 
disp_verts               0/0               0/0        ( 0.0%) 
disp_tris                0/0               0/0        ( 0.0%) 
disp_lmsamples           0/0               0/0        ( 0.0%) 
faces                  202/65536       11312/3670016  ( 0.3%) 
hdr faces                0/65536           0/3670016  ( 0.0%) 
origfaces              150/65536        8400/3670016  ( 0.2%) 
leaves                  85/65536        2720/2097152  ( 0.1%) 
leaffaces              295/65536         590/131072   ( 0.5%) 
leafbrushes             52/65536         104/131072   ( 0.1%) 
areas                    2/1024           16/8192     ( 0.2%) 
surfedges             1938/512000       7752/2048000  ( 0.4%) 
edges                  995/256000       3980/1024000  ( 0.4%) 
LDR worldlights          0/8192            0/720896   ( 0.0%) 
HDR worldlights          0/8192            0/720896   ( 0.0%) 
leafwaterdata            0/32768           0/393216   ( 0.0%) 
waterstrips              2/32768          20/327680   ( 0.0%) 
waterverts               0/65536           0/786432   ( 0.0%) 
waterindices            21/65536          42/131072   ( 0.0%) 
cubemapsamples           0/1024            0/16384    ( 0.0%) 
overlays                 0/8192            0/2883584  ( 0.0%) 
LDR lightdata         [variable]      272636/0        ( 0.0%) 
HDR lightdata         [variable]           0/0        ( 0.0%) 
visdata               [variable]         196/16777216 ( 0.0%) 
entdata               [variable]         848/393216   ( 0.2%) 
LDR ambient table       85/65536         340/262144   ( 0.1%) 
HDR ambient table       85/65536         340/262144   ( 0.1%) 
LDR leaf ambient        16/65536         448/1835008  ( 0.0%) 
HDR leaf ambient        85/65536        2380/1835008  ( 0.1%) 
occluders                0/0               0/0        ( 0.0%) 
occluder polygons        0/0               0/0        ( 0.0%) 
occluder vert ind        0/0               0/0        ( 0.0%) 
detail props          [variable]           1/12       ( 8.3%) 
static props          [variable]           1/12       ( 8.3%) 
pakfile               [variable]          54/0        ( 0.0%) 
physics               [variable]       13684/4194304  ( 0.3%) 
physics terrain       [variable]           2/1048576  ( 0.0%) 

Level flags = 0

Total triangle count: 687
Writing d:\steamlibrary\steamapps\common\garrysmod\garrysmod\addons\6dofmaps\maps\space.bsp
0 seconds elapsed



materialPath: D:\SteamLibrary\steamapps\common\GarrysMod\garrysmod\materials
Loading d:\steamlibrary\steamapps\common\garrysmod\garrysmod\addons\6dofmaps\maps\space.vmf
fixing up env_cubemap materials on brush sides...
0...1...2...3...4...5...6...7...8...9...100...1...2...3...4...5...6...7...8...9...10Processing areas...done (0)
Building Faces...done (0)
Chop Details...done (0)
Find Visible Detail Sides...done (0)
Merging details...done (0)
FixTjuncs...
PruneNodes...
WriteBSP...
done (0)
writing d:\steamlibrary\steamapps\common\garrysmod\garrysmod\addons\6dofmaps\maps\space.prt...
Building visibility clusters...
done (0)
material "skybox/sky_skylab_01rt" not found.
Can't load skybox file skybox/sky_skylab_01 to build the default cubemap!
Can't load skybox file skybox/sky_skylab_01 to build the default cubemap!
Finding displacement neighbors...
Finding lightmap sample positions...
Displacement Alpha : 0...1...2...3...4...5...6...7...8...9...10
Building Physics collision data...
done (0) (16462 bytes)
Placing detail props : 0...1...2...3...4...5...6...7...8...9...10
Compacting texture/material tables...
Reduced 11 texinfos to 10
Reduced 3 texdatas to 3 (74 bytes to 74)
Writing d:\steamlibrary\steamapps\common\garrysmod\garrysmod\addons\6dofmaps\maps\space.bsp
0 seconds elapsed



32 threads
reading d:\steamlibrary\steamapps\common\garrysmod\garrysmod\addons\6dofmaps\maps\space.bsp
reading d:\steamlibrary\steamapps\common\garrysmod\garrysmod\addons\6dofmaps\maps\space.prt
  56 portalclusters
 166 numportals
0...1...2...3...4...5...6...7...8...9...100...1...2...3...4...5...6...7...8...9...10Optimized: 0 visible clusters (0.00%)
Total clusters visible: 3068
Average clusters visible: 54
Building PAS...
Average clusters audible: 56
visdatasize:1236  compressed from 896
writing d:\steamlibrary\steamapps\common\garrysmod\garrysmod\addons\6dofmaps\maps\space.bsp
0 seconds elapsed



[Reading texlights from 'lights.rad']
[45 texlights parsed from 'lights.rad']

Loading d:\steamlibrary\steamapps\common\garrysmod\garrysmod\addons\6dofmaps\maps\space.bsp
PREP OK
743 faces
624577 square feet [89939168.00 square inches]
0 Displacements
0 Square Feet [0.00 Square Inches]
743 patches before subdivision
59367 patches after subdivision
0 direct lights
0...1...2...3...4...5...6...7...8...9...100...1...2...3...4...5...6...7...8...9...10transfers 12774272, max 628
transfer lists:  97.5 megs
0...1...2...3...4...5...6...7...8...9...10	Bounce #1 added RGB(0, 0, 0)
Build Patch/Sample Hash Table(s).....Done<0.0103 sec>
0...1...2...3...4...5...6...7...8...9...10FinalLightFace Done
0 of 0 (0% of) surface lights went in leaf ambient cubes.
0...1...2...3...4...5...6...7...8...9...10Writing leaf ambient...done
Ready to Finish

Object names       Objects/Maxobjs  Memory / Maxmem  Fullness 
------------       ---------------  ---------------  -------- 
models                   1/4096           48/196608   ( 0.0%) 
brushes                 13/16384         156/196608   ( 0.1%) 
brushsides             315/163840       2520/1310720  ( 0.2%) 
planes                 554/65536       11080/1310720  ( 0.8%) 
vertexes               937/65536       11244/786432   ( 1.4%) 
nodes                  139/65536        4448/2097152  ( 0.2%) 
texinfos                10/16384         720/1179648  ( 0.1%) 
texdata                  3/8192           96/262144   ( 0.0%) 
dispinfos                0/0               0/0        ( 0.0%) 
disp_verts               0/0               0/0        ( 0.0%) 
disp_tris                0/0               0/0        ( 0.0%) 
disp_lmsamples           0/0               0/0        ( 0.0%) 
faces                  743/65536       41608/3670016  ( 1.1%) 
hdr faces                0/65536           0/3670016  ( 0.0%) 
origfaces              186/65536       10416/3670016  ( 0.3%) 
leaves                 141/65536        4512/2097152  ( 0.2%) 
leaffaces              996/65536        1992/131072   ( 1.5%) 
leafbrushes            101/65536         202/131072   ( 0.2%) 
areas                    2/1024           16/8192     ( 0.2%) 
surfedges             4339/512000      17356/2048000  ( 0.8%) 
edges                 2207/256000       8828/1024000  ( 0.9%) 
LDR worldlights          0/8192            0/720896   ( 0.0%) 
HDR worldlights          0/8192            0/720896   ( 0.0%) 
leafwaterdata            0/32768           0/393216   ( 0.0%) 
waterstrips              9/32768          90/327680   ( 0.0%) 
waterverts               0/65536           0/786432   ( 0.0%) 
waterindices           123/65536         246/131072   ( 0.2%) 
cubemapsamples           0/1024            0/16384    ( 0.0%) 
overlays                 0/8192            0/2883584  ( 0.0%) 
LDR lightdata         [variable]     1588364/0        ( 0.0%) 
HDR lightdata         [variable]           0/0        ( 0.0%) 
visdata               [variable]        1236/16777216 ( 0.0%) 
entdata               [variable]         848/393216   ( 0.2%) 
LDR ambient table      141/65536         564/262144   ( 0.2%) 
HDR ambient table      141/65536         564/262144   ( 0.2%) 
LDR leaf ambient        56/65536        1568/1835008  ( 0.1%) 
HDR leaf ambient       141/65536        3948/1835008  ( 0.2%) 
occluders                0/0               0/0        ( 0.0%) 
occluder polygons        0/0               0/0        ( 0.0%) 
occluder vert ind        0/0               0/0        ( 0.0%) 
detail props          [variable]           1/12       ( 8.3%) 
static props          [variable]           1/12       ( 8.3%) 
pakfile               [variable]          54/0        ( 0.0%) 
physics               [variable]       16462/4194304  ( 0.4%) 
physics terrain       [variable]           2/1048576  ( 0.0%) 

Level flags = 0

Total triangle count: 1864
Writing d:\steamlibrary\steamapps\common\garrysmod\garrysmod\addons\6dofmaps\maps\space.bsp
1 second elapsed
